{"/home/victor/Projects/bootcamp/bootcamp-conceitos-node/src/app.js": {"path":"/home/victor/Projects/bootcamp/bootcamp-conceitos-node/src/app.js","statementMap":{"0":{"start":{"line":1,"column":16},"end":{"line":1,"column":34}},"1":{"start":{"line":2,"column":13},"end":{"line":2,"column":28}},"2":{"start":{"line":4,"column":17},"end":{"line":4,"column":34}},"3":{"start":{"line":6,"column":12},"end":{"line":6,"column":21}},"4":{"start":{"line":8,"column":0},"end":{"line":8,"column":24}},"5":{"start":{"line":9,"column":0},"end":{"line":9,"column":16}},"6":{"start":{"line":11,"column":21},"end":{"line":11,"column":23}},"7":{"start":{"line":13,"column":0},"end":{"line":15,"column":3}},"8":{"start":{"line":14,"column":2},"end":{"line":14,"column":30}},"9":{"start":{"line":17,"column":0},"end":{"line":25,"column":3}},"10":{"start":{"line":18,"column":32},"end":{"line":18,"column":44}},"11":{"start":{"line":20,"column":21},"end":{"line":20,"column":64}},"12":{"start":{"line":22,"column":2},"end":{"line":22,"column":32}},"13":{"start":{"line":24,"column":2},"end":{"line":24,"column":28}},"14":{"start":{"line":27,"column":0},"end":{"line":48,"column":3}},"15":{"start":{"line":28,"column":17},"end":{"line":28,"column":31}},"16":{"start":{"line":29,"column":39},"end":{"line":29,"column":51}},"17":{"start":{"line":31,"column":2},"end":{"line":33,"column":3}},"18":{"start":{"line":32,"column":4},"end":{"line":32,"column":39}},"19":{"start":{"line":35,"column":21},"end":{"line":43,"column":4}},"20":{"start":{"line":36,"column":4},"end":{"line":42,"column":5}},"21":{"start":{"line":37,"column":6},"end":{"line":37,"column":21}},"22":{"start":{"line":38,"column":6},"end":{"line":38,"column":25}},"23":{"start":{"line":39,"column":6},"end":{"line":39,"column":25}},"24":{"start":{"line":41,"column":6},"end":{"line":41,"column":18}},"25":{"start":{"line":45,"column":2},"end":{"line":45,"column":51}},"26":{"start":{"line":45,"column":18},"end":{"line":45,"column":51}},"27":{"start":{"line":47,"column":2},"end":{"line":47,"column":34}},"28":{"start":{"line":50,"column":0},"end":{"line":60,"column":3}},"29":{"start":{"line":51,"column":17},"end":{"line":51,"column":31}},"30":{"start":{"line":53,"column":26},"end":{"line":53,"column":74}},"31":{"start":{"line":53,"column":59},"end":{"line":53,"column":73}},"32":{"start":{"line":55,"column":2},"end":{"line":55,"column":42}},"33":{"start":{"line":57,"column":2},"end":{"line":57,"column":60}},"34":{"start":{"line":57,"column":28},"end":{"line":57,"column":60}},"35":{"start":{"line":59,"column":2},"end":{"line":59,"column":34}},"36":{"start":{"line":62,"column":0},"end":{"line":76,"column":3}},"37":{"start":{"line":63,"column":17},"end":{"line":63,"column":31}},"38":{"start":{"line":65,"column":21},"end":{"line":71,"column":4}},"39":{"start":{"line":66,"column":4},"end":{"line":70,"column":5}},"40":{"start":{"line":67,"column":6},"end":{"line":67,"column":32}},"41":{"start":{"line":69,"column":6},"end":{"line":69,"column":18}},"42":{"start":{"line":73,"column":2},"end":{"line":73,"column":68}},"43":{"start":{"line":73,"column":18},"end":{"line":73,"column":68}},"44":{"start":{"line":75,"column":2},"end":{"line":75,"column":34}},"45":{"start":{"line":78,"column":0},"end":{"line":78,"column":21}}},"fnMap":{"0":{"name":"(anonymous_0)","decl":{"start":{"line":13,"column":25},"end":{"line":13,"column":26}},"loc":{"start":{"line":13,"column":48},"end":{"line":15,"column":1}},"line":13},"1":{"name":"(anonymous_1)","decl":{"start":{"line":17,"column":26},"end":{"line":17,"column":27}},"loc":{"start":{"line":17,"column":49},"end":{"line":25,"column":1}},"line":17},"2":{"name":"(anonymous_2)","decl":{"start":{"line":27,"column":29},"end":{"line":27,"column":30}},"loc":{"start":{"line":27,"column":52},"end":{"line":48,"column":1}},"line":27},"3":{"name":"(anonymous_3)","decl":{"start":{"line":35,"column":39},"end":{"line":35,"column":40}},"loc":{"start":{"line":35,"column":49},"end":{"line":43,"column":3}},"line":35},"4":{"name":"(anonymous_4)","decl":{"start":{"line":50,"column":32},"end":{"line":50,"column":33}},"loc":{"start":{"line":50,"column":55},"end":{"line":60,"column":1}},"line":50},"5":{"name":"(anonymous_5)","decl":{"start":{"line":53,"column":49},"end":{"line":53,"column":50}},"loc":{"start":{"line":53,"column":59},"end":{"line":53,"column":73}},"line":53},"6":{"name":"(anonymous_6)","decl":{"start":{"line":62,"column":35},"end":{"line":62,"column":36}},"loc":{"start":{"line":62,"column":58},"end":{"line":76,"column":1}},"line":62},"7":{"name":"(anonymous_7)","decl":{"start":{"line":65,"column":39},"end":{"line":65,"column":40}},"loc":{"start":{"line":65,"column":49},"end":{"line":71,"column":3}},"line":65}},"branchMap":{"0":{"loc":{"start":{"line":31,"column":2},"end":{"line":33,"column":3}},"type":"if","locations":[{"start":{"line":31,"column":2},"end":{"line":33,"column":3}},{"start":{"line":31,"column":2},"end":{"line":33,"column":3}}],"line":31},"1":{"loc":{"start":{"line":36,"column":4},"end":{"line":42,"column":5}},"type":"if","locations":[{"start":{"line":36,"column":4},"end":{"line":42,"column":5}},{"start":{"line":36,"column":4},"end":{"line":42,"column":5}}],"line":36},"2":{"loc":{"start":{"line":45,"column":2},"end":{"line":45,"column":51}},"type":"if","locations":[{"start":{"line":45,"column":2},"end":{"line":45,"column":51}},{"start":{"line":45,"column":2},"end":{"line":45,"column":51}}],"line":45},"3":{"loc":{"start":{"line":57,"column":2},"end":{"line":57,"column":60}},"type":"if","locations":[{"start":{"line":57,"column":2},"end":{"line":57,"column":60}},{"start":{"line":57,"column":2},"end":{"line":57,"column":60}}],"line":57},"4":{"loc":{"start":{"line":66,"column":4},"end":{"line":70,"column":5}},"type":"if","locations":[{"start":{"line":66,"column":4},"end":{"line":70,"column":5}},{"start":{"line":66,"column":4},"end":{"line":70,"column":5}}],"line":66},"5":{"loc":{"start":{"line":73,"column":2},"end":{"line":73,"column":68}},"type":"if","locations":[{"start":{"line":73,"column":2},"end":{"line":73,"column":68}},{"start":{"line":73,"column":2},"end":{"line":73,"column":68}}],"line":73}},"s":{"0":2,"1":2,"2":2,"3":2,"4":2,"5":2,"6":2,"7":2,"8":2,"9":2,"10":6,"11":6,"12":6,"13":6,"14":2,"15":3,"16":3,"17":3,"18":1,"19":2,"20":6,"21":1,"22":1,"23":1,"24":1,"25":2,"26":1,"27":1,"28":2,"29":2,"30":2,"31":9,"32":2,"33":2,"34":1,"35":1,"36":2,"37":3,"38":3,"39":3,"40":2,"41":2,"42":3,"43":2,"44":1,"45":2},"f":{"0":2,"1":6,"2":3,"3":6,"4":2,"5":9,"6":3,"7":3},"b":{"0":[1,2],"1":[1,5],"2":[1,1],"3":[1,1],"4":[2,1],"5":[2,1]},"_coverageSchema":"1a1c01bbd47fc00a2c39e90264f33305004495a9","hash":"b5dd668ffe9eb1dda7edce5f1bebc625cfb02591"}
}
