TN:
SF:src/app.js
FN:13,(anonymous_0)
FN:17,(anonymous_1)
FN:27,(anonymous_2)
FN:35,(anonymous_3)
FN:50,(anonymous_4)
FN:53,(anonymous_5)
FN:62,(anonymous_6)
FN:65,(anonymous_7)
FNF:8
FNH:8
FNDA:2,(anonymous_0)
FNDA:6,(anonymous_1)
FNDA:3,(anonymous_2)
FNDA:6,(anonymous_3)
FNDA:2,(anonymous_4)
FNDA:9,(anonymous_5)
FNDA:3,(anonymous_6)
FNDA:3,(anonymous_7)
DA:1,2
DA:2,2
DA:4,2
DA:6,2
DA:8,2
DA:9,2
DA:11,2
DA:13,2
DA:14,2
DA:17,2
DA:18,6
DA:20,6
DA:22,6
DA:24,6
DA:27,2
DA:28,3
DA:29,3
DA:31,3
DA:32,1
DA:35,2
DA:36,6
DA:37,1
DA:38,1
DA:39,1
DA:41,1
DA:45,2
DA:47,1
DA:50,2
DA:51,2
DA:53,9
DA:55,2
DA:57,2
DA:59,1
DA:62,2
DA:63,3
DA:65,3
DA:66,3
DA:67,2
DA:69,2
DA:73,3
DA:75,1
DA:78,2
LF:42
LH:42
BRDA:31,0,0,1
BRDA:31,0,1,2
BRDA:36,1,0,1
BRDA:36,1,1,5
BRDA:45,2,0,1
BRDA:45,2,1,1
BRDA:57,3,0,1
BRDA:57,3,1,1
BRDA:66,4,0,2
BRDA:66,4,1,1
BRDA:73,5,0,2
BRDA:73,5,1,1
BRF:12
BRH:12
end_of_record
